<?xml version="1.0" encoding="UTF-8"?>
<!-- Generated by org.testng.reporters.JUnitReportReporter -->
<testsuite hostname="karra" name="com.anagram.AppTest" tests="2" failures="0" timestamp="25 Mar 2019 01:36:30 GMT" time="0.218" errors="0">
  <testcase name="testApplicationCreatedFileWithOneLine" time="0.000" classname="com.anagram.AppTest"/>
  <testcase name="testApplicationCreatesFile" time="0.218" classname="com.anagram.AppTest"/>
</testsuite> <!-- com.anagram.AppTest -->
